<?xml version="1.0" encoding="UTF-8"?>
<testng-results ignored="0" total="1" passed="1" failed="0" skipped="0">
  <reporter-output>
  </reporter-output>
  <suite started-at="2024-02-11T15:20:41 IST" name="AshokMavenProject" finished-at="2024-02-11T15:20:58 IST" duration-ms="17286">
    <groups>
    </groups>
    <test started-at="2024-02-11T15:20:41 IST" name="test1" finished-at="2024-02-11T15:20:58 IST" duration-ms="17286">
      <class name="com.AshokMavenProject.testCases.TC_LoginTest_001">
        <test-method is-config="true" signature="setup(java.lang.String)[pri:0, instance:com.AshokMavenProject.testCases.TC_LoginTest_001@33065d67]" started-at="2024-02-11T15:20:41 IST" name="setup" finished-at="2024-02-11T15:20:55 IST" duration-ms="13691" status="PASS">
          <params>
            <param index="0">
              <value>
                <![CDATA[edge]]>
              </value>
            </param>
          </params>
          <reporter-output>
          </reporter-output>
        </test-method> <!-- setup -->
        <test-method signature="loginTest()[pri:0, instance:com.AshokMavenProject.testCases.TC_LoginTest_001@33065d67]" started-at="2024-02-11T15:20:55 IST" name="loginTest" finished-at="2024-02-11T15:20:58 IST" duration-ms="3064" status="PASS">
          <reporter-output>
          </reporter-output>
        </test-method> <!-- loginTest -->
        <test-method is-config="true" signature="tearDown()[pri:0, instance:com.AshokMavenProject.testCases.TC_LoginTest_001@33065d67]" started-at="2024-02-11T15:20:58 IST" name="tearDown" finished-at="2024-02-11T15:20:58 IST" duration-ms="477" status="PASS">
          <reporter-output>
          </reporter-output>
        </test-method> <!-- tearDown -->
      </class> <!-- com.AshokMavenProject.testCases.TC_LoginTest_001 -->
    </test> <!-- test1 -->
  </suite> <!-- AshokMavenProject -->
</testng-results>
